<?xml version="1.0" encoding="UTF-8"?>
<!-- Generated by org.testng.reporters.JUnitXMLReporter -->
<testsuite ignored="0" hostname="orin-PC" failures="0" tests="14" name="PlaywrightLearning" time="120.873" errors="0" timestamp="2024-12-05T00:25:01 IST">
  <testcase classname="HomePageTests" name="test_01_verifyHomePageTopTabs" time="2.038"/>
  <testcase classname="HomePageTests" name="test_02_verifyLoginButtonBackgroundColor" time="0.032"/>
  <testcase classname="HomePageTests" name="test_03_verifyNumberOfCustomersDisplayedInSlideAnimationAndPrintTheirValues" time="0.24"/>
  <testcase classname="RequestDemoTests" name="test_01_verifyAllGetStartedWindowElementsAreDisplayed" time="0.212"/>
  <testcase classname="RequestDemoTests" name="test_02_verifyAvailableCompanySizeOptions" time="0.939"/>
  <testcase classname="RequestDemoTests" name="test_03_completeWithoutApproveConsent" time="27.43"/>
  <testcase classname="APIAutomationDemo" name="test01_VerifyMatchingCountryToSelectedCity" time="2.495"/>
  <testcase classname="APIAutomationDemo" name="test02_VerifySeveralValues" time="0.756"/>
  <testcase classname="APIAutomationDemo" name="test03_verifyTotalNumORecords" time="0.277"/>
  <testcase classname="APIAutomationDemo" name="test04_verifyIDAccordingToTextSearch" time="0.241"/>
  <testcase classname="APIAutomationDemo" name="test05_verifySpecificTextIsNotIncludedInAnyRecordBody" time="0.284"/>
  <testcase classname="APIAutomationDemo" name="test06_updatingAnExistingRecord" time="0.628"/>
  <testcase classname="APIAutomationDemo" name="test07_addingNewRecord" time="0.704"/>
  <testcase classname="APIAutomationDemo" name="test08_deletingAnExistingRecord" time="1.119"/>
</testsuite> <!-- PlaywrightLearning -->
