<?xml version="1.0" encoding="UTF-8"?>
<!-- Generated by org.testng.reporters.JUnitXMLReporter -->
<testsuite ignored="0" hostname="orin-PC" failures="0" tests="14" name="TipaltiDemo" time="55.883" errors="0" timestamp="2024-12-05T01:58:29 IST">
  <testcase classname="HomePageTests" name="test_01_verifyHomePageTopTabs" time="2.423"/>
  <testcase classname="HomePageTests" name="test_02_verifyLoginButtonBackgroundColor" time="0.036"/>
  <testcase classname="HomePageTests" name="test_03_verifyNumberOfCustomersDisplayedInSlideAnimationAndPrintTheirValues" time="0.292"/>
  <testcase classname="RequestDemoTests" name="test_01_verifyAllGetStartedWindowElementsAreDisplayed" time="0.195"/>
  <testcase classname="RequestDemoTests" name="test_02_verifyAvailableCompanySizeOptions" time="0.966"/>
  <testcase classname="RequestDemoTests" name="test_03_completeWithoutApproveConsent" time="24.466"/>
  <testcase classname="APIAutomationDemo" name="test01_VerifyMatchingCountryToSelectedCity" time="2.58"/>
  <testcase classname="APIAutomationDemo" name="test02_VerifySeveralValues" time="0.689"/>
  <testcase classname="APIAutomationDemo" name="test03_verifyTotalNumORecords" time="0.285"/>
  <testcase classname="APIAutomationDemo" name="test04_verifyIDAccordingToTextSearch" time="0.26"/>
  <testcase classname="APIAutomationDemo" name="test05_verifySpecificTextIsNotIncludedInAnyRecordBody" time="0.262"/>
  <testcase classname="APIAutomationDemo" name="test06_updatingAnExistingRecord" time="0.867"/>
  <testcase classname="APIAutomationDemo" name="test07_addingNewRecord" time="0.415"/>
  <testcase classname="APIAutomationDemo" name="test08_deletingAnExistingRecord" time="1.032"/>
</testsuite> <!-- TipaltiDemo -->
